<?xml version="1.0" encoding="UTF-8"?>
<Site BuildName="(empty)"
	BuildStamp="20210405-1133-Experimental"
	Name="GL63"
	Generator="ctest-3.10.2"
	CompilerName="/usr/bin/g++-7"
	CompilerVersion="7.5.0"
	OSName="Linux"
	Hostname="GL63"
	OSRelease="5.4.0-67-generic"
	OSVersion="#75~18.04.1-Ubuntu SMP Tue Feb 23 19:17:50 UTC 2021"
	OSPlatform="x86_64"
	Is64Bits="1"
	VendorString="GenuineIntel"
	VendorID="Intel Corporation"
	FamilyID="6"
	ModelID="158"
	ProcessorCacheSize="12288"
	NumberOfLogicalCPU="12"
	NumberOfPhysicalCPU="6"
	TotalVirtualMemory="2047"
	TotalPhysicalMemory="15854"
	LogicalProcessorsPerPhysical="2"
	ProcessorClockFrequency="4000.1"
	>
	<Testing>
		<StartDateTime>Apr 05 19:33 CST</StartDateTime>
		<StartTestTime>1617622403</StartTestTime>
		<TestList/>
		<EndDateTime>Apr 05 19:33 CST</EndDateTime>
		<EndTestTime>1617622403</EndTestTime>
		<ElapsedMinutes>0</ElapsedMinutes>
	</Testing>
</Site>
